2025-11-20 10:26:04,381 : INFO  : main :  : NodeLogger :  :  : #########################################################################################
2025-11-20 10:26:04,383 : INFO  : main :  : NodeLogger :  :  : #                                                                                       #
2025-11-20 10:26:04,384 : INFO  : main :  : NodeLogger :  :  : # Welcome to KNIME Analytics Platform v5.8.0.v202510131944 (Build October 15, 2025)     #
2025-11-20 10:26:04,384 : INFO  : main :  : NodeLogger :  :  : # Based on Eclipse, http://www.eclipse.org                                              #
2025-11-20 10:26:04,384 : INFO  : main :  : NodeLogger :  :  : #                                                                                       #
2025-11-20 10:26:04,386 : INFO  : main :  : NodeLogger :  :  : #########################################################################################
2025-11-20 10:26:04,386 : INFO  : main :  : NodeLogger :  :  : #                                                                                       #
2025-11-20 10:26:04,386 : INFO  : main :  : NodeLogger :  :  : # Copyright by KNIME AG, Zurich, Switzerland and others.                                #
2025-11-20 10:26:04,386 : INFO  : main :  : NodeLogger :  :  : # Website: http://www.knime.com                                                         #
2025-11-20 10:26:04,386 : INFO  : main :  : NodeLogger :  :  : # E-mail: contact@knime.com                                                             #
2025-11-20 10:26:04,386 : INFO  : main :  : NodeLogger :  :  : #                                                                                       #
2025-11-20 10:26:04,386 : INFO  : main :  : NodeLogger :  :  : #########################################################################################
2025-11-20 10:26:04,386 : INFO  : main :  : NodeLogger :  :  : # For more details see the KNIME log file:                                              #
2025-11-20 10:26:04,386 : INFO  : main :  : NodeLogger :  :  : # C:\KNIME_data\Hands-on\.metadata\knime\knime.log
2025-11-20 10:26:04,386 : INFO  : main :  : NodeLogger :  :  : #---------------------------------------------------------------------------------------#
2025-11-20 10:26:04,404 : INFO  : main :  : NodeLogger :  :  : # logging date=木 11月 20 10:26:04 JST 2025
2025-11-20 10:26:04,404 : INFO  : main :  : NodeLogger :  :  : # java.version=17.0.5
2025-11-20 10:26:04,404 : INFO  : main :  : NodeLogger :  :  : # java.vm.version=17.0.5+8
2025-11-20 10:26:04,404 : INFO  : main :  : NodeLogger :  :  : # java.vendor=Eclipse Adoptium
2025-11-20 10:26:04,404 : INFO  : main :  : NodeLogger :  :  : # os.name=Windows 11
2025-11-20 10:26:04,404 : INFO  : main :  : NodeLogger :  :  : # os.arch=amd64
2025-11-20 10:26:04,404 : INFO  : main :  : NodeLogger :  :  : # number of CPUs=16
2025-11-20 10:26:04,404 : INFO  : main :  : NodeLogger :  :  : # assertions=off
2025-11-20 10:26:04,414 : INFO  : main :  : NodeLogger :  :  : # host=hknPC
2025-11-20 10:26:04,418 : INFO  : main :  : NodeLogger :  :  : # username=hkn-l
2025-11-20 10:26:04,418 : INFO  : main :  : NodeLogger :  :  : # max mem=16192MB
2025-11-20 10:26:04,419 : INFO  : main :  : NodeLogger :  :  : # application=org.knime.product.KNIME_APPLICATION
2025-11-20 10:26:04,428 : INFO  : main :  : NodeLogger :  :  : # KNID=11-38b4b5cf18a08d21-01-0f09c1d4c14b34a9
2025-11-20 10:26:04,428 : INFO  : main :  : NodeLogger :  :  : #########################################################################################
2025-11-20 10:26:04,429 : DEBUG : main :  : KNIMELogger :  :  : 13 messages were logged before logging was initialized; see below...
2025-11-20 10:26:03,848 : DEBUG : main :  : EclipseProxyServiceInitializer :  :  : (1/3) Opened OSGi service tracker for 'org.eclipse.core.net.proxy.IProxyService'
2025-11-20 10:26:03,928 : DEBUG : main :  : ApplicationHealth :  :  : Registering JMX bean for org.knime.core:type=Execution,name=GlobalPool
2025-11-20 10:26:03,930 : DEBUG : main :  : ApplicationHealth :  :  : Registering JMX bean for org.knime.core:type=Execution,name=NodeStates
2025-11-20 10:26:03,931 : DEBUG : main :  : ApplicationHealth :  :  : Registering JMX bean for org.knime.core:type=Memory,name=ObjectInstances
2025-11-20 10:26:03,931 : DEBUG : main :  : ApplicationHealth :  :  : Registering JMX bean for org.knime.core:type=Memory,name=DataTablesRepository
2025-11-20 10:26:03,938 : DEBUG : main :  : IEarlyStartup :  :  : Running application "org.knime.product.KNIME_APPLICATION"
2025-11-20 10:26:03,938 : DEBUG : main :  : IEarlyStartup :  :  : Moving from stage <none> to stage EARLIEST
2025-11-20 10:26:03,940 : DEBUG : main :  : IEarlyStartup :  :  : Executing startup hook `org.knime.core.node.logging.JavaUtilLoggingAdapter#run()` at stage EARLIEST
2025-11-20 10:26:03,941 : DEBUG : main :  : IEarlyStartup :  :  : Executing startup hook `org.knime.js.cef.CEFEarlyStartup#run()` at stage EARLIEST
2025-11-20 10:26:04,151 : DEBUG : main :  : KNIMEApplication :  :  : Checking for instance location
2025-11-20 10:26:04,177 : DEBUG : main :  : KNIMEApplication :  :  : Instance location set
2025-11-20 10:26:04,252 : DEBUG : main :  : IEarlyStartup :  :  : Moving from stage EARLIEST to stage AFTER_PROFILES_SET
2025-11-20 10:26:04,252 : DEBUG : main :  : IEarlyStartup :  :  : Executing startup hook `org.knime.core.node.logging.KNIMELogger$EarlyStartupInitializer#run()` at stage AFTER_PROFILES_SET
2025-11-20 10:26:04,430 : DEBUG : main :  : KNIMELogger :  :  : End of buffered log messages
2025-11-20 10:26:04,430 : DEBUG : main :  : IEarlyStartup :  :  : Executing startup hook `org.knime.core.eclipseUtil.EclipseProxyServiceInitializer#run()` at stage AFTER_PROFILES_SET
2025-11-20 10:26:04,617 : DEBUG : main :  : NativeProxyProviderWrapper :  :  : Invoked default constructor in class "class org.eclipse.core.internal.net.ProxyManager" via reflectionto forcibly create new instance
2025-11-20 10:26:04,620 : DEBUG : main :  : NativeProxyProviderWrapper :  :  : Forcibly set field "preferenceManager" in class "class org.eclipse.core.internal.net.ProxyManager" to "org.eclipse.core.internal.net.PreferenceManager@20faaf77" via reflection
2025-11-20 10:26:04,624 : DEBUG : main :  : NativeProxyProviderWrapper :  :  : Forcibly set field "nativeProxyProvider" in class "class org.eclipse.core.internal.net.ProxyManager" to "org.knime.core.eclipseUtil.NativeProxyProviderWrapper@252c6cdb" via reflection
2025-11-20 10:26:04,625 : DEBUG : main :  : EclipseProxyServiceInitializer :  :  : (3/3) Successfully installed proxy support
2025-11-20 10:26:04,625 : DEBUG : main :  : EclipseProxyServiceInitializer :  :  : (2/3) Initialized OSGi service 'org.eclipse.core.net.proxy.IProxyService'
2025-11-20 10:26:04,625 : DEBUG : main :  : IEarlyStartup :  :  : Executing startup hook `org.knime.core.internal.MountTableInitializerEarlyStartup#run()` at stage AFTER_PROFILES_SET
2025-11-20 10:26:05,463 : DEBUG : main :  : IEarlyStartup :  :  : Executing startup hook `org.knime.ui.java.OnEarlyStartup#run()` at stage AFTER_PROFILES_SET
2025-11-20 10:26:05,470 : DEBUG : main :  : IEarlyStartup :  :  : Executing startup hook `org.knime.conda.envbundling.environment.EarlyStartupCondaEnvironmentInstallation#run()` at stage AFTER_PROFILES_SET
2025-11-20 10:26:05,486 : DEBUG : main :  : CondaEnvironmentRegistry :  :  : Found environment path 'C:\Users\hkn-l\AppData\Local\Programs\KNIME\bundling\org_knime_pythonscripting_channel_bin_5.8.0\.pixi\envs\default' (before expansion: 'bundling\org_knime_pythonscripting_channel_bin_5.8.0\.pixi\envs\default') for 'org.knime.pythonscripting.channel.bin' in 'C:\Users\hkn-l\AppData\Local\Programs\KNIME\plugins\org.knime.pythonscripting.channel.bin.win32.x86_64_5.8.0.v202510071517\environment_path.txt'
2025-11-20 10:26:05,487 : INFO  : main :  : CondaEnvironmentRegistry :  :  : Bundling root does not exist: C:\Users\hkn-l\AppData\Local\Programs\KNIME\configuration\conda-environments. No cleanup needed.
2025-11-20 10:26:05,510 : DEBUG : KNIME-Worker-0 :  : NodeFactoryProvider :  :  : Duplicate node factory id: org.knime.base.filehandling.filemetainfo.FileMetaInfoNodeFactory
2025-11-20 10:26:05,512 : DEBUG : KNIME-Worker-0 :  : NodeFactoryProvider :  :  : Duplicate node factory id: org.knime.base.node.preproc.filter.column.FilterColumnNodeFactory
2025-11-20 10:26:05,512 : DEBUG : KNIME-Worker-0 :  : NodeFactoryProvider :  :  : Duplicate node factory id: org.knime.base.node.preproc.joiner.NewJoinerNodeFactory
2025-11-20 10:26:05,512 : DEBUG : KNIME-Worker-0 :  : NodeFactoryProvider :  :  : Duplicate node factory id: org.knime.base.node.preproc.split.SplitNodeFactory
2025-11-20 10:26:05,513 : DEBUG : KNIME-Worker-0 :  : NodeFactoryProvider :  :  : Duplicate node factory id: org.knime.distmatrix.knn.KnnDistNodeFactory
2025-11-20 10:26:05,516 : DEBUG : KNIME-Worker-0 :  : NodeFactoryProvider :  :  : Duplicate node factory id: org.knime.ext.weka37.predictor.WekaPredictorNodeFactory
2025-11-20 10:26:05,521 : DEBUG : KNIME-Worker-0 :  : NodeFactoryProvider :  :  : Collected NodeFactory extensions... found 1141 nodes (399 deprecated, 18 hidden) in 0.0s
2025-11-20 10:26:05,610 : DEBUG : ForkJoinPool.commonPool-worker-4 :  : HadoopInitializer :  :  : Setting system property hadoop.home.dir to C:\Users\hkn-l\AppData\Local\Temp\hadoop_home_88895 (for Hadoop winutils).
2025-11-20 10:26:05,985 : INFO  : KNIME-Worker-0 :  : PythonExtensionParser :  :  : Trying to load cached extension 'org.knime.python.sklearn_5.8.0.v202510071055' from C:\Users\hkn-l\AppData\Local\Programs\KNIME\configuration\org.knime.python.sklearn
2025-11-20 10:26:06,644 : DEBUG : ForkJoinPool.commonPool-worker-4 :  : SparkProviderRegistry :  :  : Registering Spark provider class: org.knime.bigdata.spark.core.databricks.DatabricksNodeFactoryProvider from extension: org.knime.bigdata.databricks
2025-11-20 10:26:06,675 : DEBUG : ForkJoinPool.commonPool-worker-4 :  : SparkProviderRegistry :  :  : Registering Spark provider class: org.knime.bigdata.spark.core.livy.LivyNodeFactoryProvider from extension: org.knime.bigdata.spark.core.livy
2025-11-20 10:26:06,686 : DEBUG : ForkJoinPool.commonPool-worker-4 :  : SparkProviderRegistry :  :  : Registering Spark provider class: org.knime.bigdata.spark.node.StandardSparkNodeFactoryProvider from extension: org.knime.bigdata.spark.node
2025-11-20 10:26:06,969 : DEBUG : ForkJoinPool.commonPool-worker-4 :  : SvgPluginActivator :  :  : Added SVG export option to node view class
2025-11-20 10:26:07,313 : DEBUG : ForkJoinPool.commonPool-worker-4 :  : DataCellToJavaConverterRegistry :  :  : Registered DataCellToJavaConverterFactory from DataValueAccessMethod annotation for org.knime.core.data.IntValue to java.lang.Integer
2025-11-20 10:26:07,314 : DEBUG : ForkJoinPool.commonPool-worker-4 :  : DataCellToJavaConverterRegistry :  :  : Registered DataCellToJavaConverterFactory from DataValueAccessMethod annotation for org.knime.core.data.LongValue to java.lang.Long
2025-11-20 10:26:07,314 : DEBUG : ForkJoinPool.commonPool-worker-4 :  : DataCellToJavaConverterRegistry :  :  : Registered DataCellToJavaConverterFactory from DataValueAccessMethod annotation for org.knime.core.data.DoubleValue to java.lang.Double
2025-11-20 10:26:07,314 : DEBUG : ForkJoinPool.commonPool-worker-4 :  : DataCellToJavaConverterRegistry :  :  : Registered DataCellToJavaConverterFactory from DataValueAccessMethod annotation for org.knime.core.data.BooleanValue to java.lang.Boolean
2025-11-20 10:26:07,314 : DEBUG : ForkJoinPool.commonPool-worker-4 :  : DataCellToJavaConverterRegistry :  :  : Registered DataCellToJavaConverterFactory from DataValueAccessMethod annotation for org.knime.core.data.vector.bitvector.BitVectorValue to java.lang.String
2025-11-20 10:26:07,315 : DEBUG : ForkJoinPool.commonPool-worker-4 :  : DataCellToJavaConverterRegistry :  :  : Registered DataCellToJavaConverterFactory from DataValueAccessMethod annotation for org.knime.core.data.xml.XMLValue to org.w3c.dom.Document
2025-11-20 10:26:07,315 : DEBUG : ForkJoinPool.commonPool-worker-4 :  : DataCellToJavaConverterRegistry :  :  : Registered DataCellToJavaConverterFactory from DataValueAccessMethod annotation for org.knime.core.data.StringValue to java.lang.String
2025-11-20 10:26:07,315 : DEBUG : ForkJoinPool.commonPool-worker-4 :  : DataCellToJavaConverterRegistry :  :  : Registered DataCellToJavaConverterFactory from DataValueAccessMethod annotation for org.knime.core.data.blob.BinaryObjectDataValue to java.io.InputStream
2025-11-20 10:26:07,315 : DEBUG : ForkJoinPool.commonPool-worker-4 :  : DataCellToJavaConverterRegistry :  :  : Registered DataCellToJavaConverterFactory from DataValueAccessMethod annotation for org.knime.core.data.uri.URIDataValue to java.lang.String
2025-11-20 10:26:07,315 : DEBUG : ForkJoinPool.commonPool-worker-4 :  : DataCellToJavaConverterRegistry :  :  : Registered DataCellToJavaConverterFactory from DataValueAccessMethod annotation for org.knime.base.data.xml.SvgValue to org.w3c.dom.svg.SVGDocument
2025-11-20 10:26:07,316 : DEBUG : ForkJoinPool.commonPool-worker-4 :  : DataCellToJavaConverterRegistry :  :  : Registered DataCellToJavaConverterFactory from DataValueAccessMethod annotation for org.knime.filehandling.core.data.location.FSLocationValue to org.knime.filehandling.core.connections.FSLocation
2025-11-20 10:26:07,316 : DEBUG : ForkJoinPool.commonPool-worker-4 :  : DataCellToJavaConverterRegistry :  :  : Registered DataCellToJavaConverterFactory from DataValueAccessMethod annotation for org.knime.core.data.time.localtime.LocalTimeValue to java.time.LocalTime
2025-11-20 10:26:07,316 : DEBUG : ForkJoinPool.commonPool-worker-4 :  : DataCellToJavaConverterRegistry :  :  : Registered DataCellToJavaConverterFactory from DataValueAccessMethod annotation for org.knime.core.data.time.localdate.LocalDateValue to java.time.LocalDate
2025-11-20 10:26:07,316 : DEBUG : ForkJoinPool.commonPool-worker-4 :  : DataCellToJavaConverterRegistry :  :  : Registered DataCellToJavaConverterFactory from DataValueAccessMethod annotation for org.knime.core.data.time.localdatetime.LocalDateTimeValue to java.time.LocalDateTime
2025-11-20 10:26:07,316 : DEBUG : ForkJoinPool.commonPool-worker-4 :  : DataCellToJavaConverterRegistry :  :  : Registered DataCellToJavaConverterFactory from DataValueAccessMethod annotation for org.knime.core.data.time.zoneddatetime.ZonedDateTimeValue to java.time.ZonedDateTime
2025-11-20 10:26:07,317 : DEBUG : ForkJoinPool.commonPool-worker-4 :  : DataCellToJavaConverterRegistry :  :  : Registered DataCellToJavaConverterFactory from DataValueAccessMethod annotation for org.knime.core.data.time.duration.DurationValue to java.time.Duration
2025-11-20 10:26:07,317 : DEBUG : ForkJoinPool.commonPool-worker-4 :  : DataCellToJavaConverterRegistry :  :  : Registered DataCellToJavaConverterFactory from DataValueAccessMethod annotation for org.knime.core.data.time.period.PeriodValue to java.time.Period
2025-11-20 10:26:07,318 : DEBUG : ForkJoinPool.commonPool-worker-4 :  : DataCellToJavaConverterRegistry :  :  : Found ConverterProvider extension: org.knime.core.data.vector.bytevector.ByteVectorValueToIntStreamConverterFactory(ByteVectorValue,interface java.util.stream.IntStream,IntStream (values in [0-255]))
2025-11-20 10:26:07,319 : DEBUG : ForkJoinPool.commonPool-worker-4 :  : DataCellToJavaConverterRegistry :  :  : Found ConverterProvider extension: org.knime.core.data.vector.bytevector.ByteVectorValueToPrimitiveIntArrayConverterFactory(ByteVectorValue,class [I,int[] (values in [0-255]))
2025-11-20 10:26:07,320 : DEBUG : ForkJoinPool.commonPool-worker-4 :  : DataCellToJavaConverterRegistry :  :  : Found ConverterProvider extension: org.knime.core.data.json.JsonValueToJavaConverterFactory(JSONValue,interface jakarta.json.JsonValue,JsonValue)
2025-11-20 10:26:07,364 : DEBUG : ForkJoinPool.commonPool-worker-4 :  : JavaToDataCellConverterRegistry :  :  : Registered JavaToDataCellConverterFactory from DataCellFactoryMethod annotation for: int to Number (Integer)
2025-11-20 10:26:07,364 : DEBUG : ForkJoinPool.commonPool-worker-4 :  : JavaToDataCellConverterRegistry :  :  : Registered JavaToDataCellConverterFactory from DataCellFactoryMethod annotation for: java.lang.String to Number (Integer)
2025-11-20 10:26:07,365 : DEBUG : ForkJoinPool.commonPool-worker-4 :  : JavaToDataCellConverterRegistry :  :  : Registered JavaToDataCellConverterFactory from DataCellFactoryMethod annotation for: java.lang.String to Number (Float)
2025-11-20 10:26:07,365 : DEBUG : ForkJoinPool.commonPool-worker-4 :  : JavaToDataCellConverterRegistry :  :  : Registered JavaToDataCellConverterFactory from DataCellFactoryMethod annotation for: long to Number (Float)
2025-11-20 10:26:07,365 : DEBUG : ForkJoinPool.commonPool-worker-4 :  : JavaToDataCellConverterRegistry :  :  : Registered JavaToDataCellConverterFactory from DataCellFactoryMethod annotation for: float to Number (Float)
2025-11-20 10:26:07,365 : DEBUG : ForkJoinPool.commonPool-worker-4 :  : JavaToDataCellConverterRegistry :  :  : Registered JavaToDataCellConverterFactory from DataCellFactoryMethod annotation for: double to Number (Float)
2025-11-20 10:26:07,366 : DEBUG : ForkJoinPool.commonPool-worker-4 :  : JavaToDataCellConverterRegistry :  :  : Registered JavaToDataCellConverterFactory from DataCellFactoryMethod annotation for: int to Number (Float)
2025-11-20 10:26:07,367 : DEBUG : ForkJoinPool.commonPool-worker-4 :  : JavaToDataCellConverterRegistry :  :  : Registered JavaToDataCellConverterFactory from DataCellFactoryMethod annotation for: boolean to Boolean
2025-11-20 10:26:07,367 : DEBUG : ForkJoinPool.commonPool-worker-4 :  : JavaToDataCellConverterRegistry :  :  : Registered JavaToDataCellConverterFactory from DataCellFactoryMethod annotation for: java.lang.String to Boolean
2025-11-20 10:26:07,367 : DEBUG : ForkJoinPool.commonPool-worker-4 :  : JavaToDataCellConverterRegistry :  :  : Registered JavaToDataCellConverterFactory from DataCellFactoryMethod annotation for: java.lang.String to Number (Long Integer)
2025-11-20 10:26:07,368 : DEBUG : ForkJoinPool.commonPool-worker-4 :  : JavaToDataCellConverterRegistry :  :  : Registered JavaToDataCellConverterFactory from DataCellFactoryMethod annotation for: int to Number (Long Integer)
2025-11-20 10:26:07,368 : DEBUG : ForkJoinPool.commonPool-worker-4 :  : JavaToDataCellConverterRegistry :  :  : Registered JavaToDataCellConverterFactory from DataCellFactoryMethod annotation for: long to Number (Long Integer)
2025-11-20 10:26:07,369 : DEBUG : ForkJoinPool.commonPool-worker-4 :  : JavaToDataCellConverterRegistry :  :  : Registered JavaToDataCellConverterFactory from DataCellFactoryMethod annotation for: java.lang.String to Bit Vector (Sparse)
2025-11-20 10:26:07,370 : DEBUG : ForkJoinPool.commonPool-worker-4 :  : JavaToDataCellConverterRegistry :  :  : Registered JavaToDataCellConverterFactory from DataCellFactoryMethod annotation for: java.lang.String to Bit Vector
2025-11-20 10:26:07,370 : DEBUG : ForkJoinPool.commonPool-worker-4 :  : JavaToDataCellConverterRegistry :  :  : Registered JavaToDataCellConverterFactory from DataCellFactoryMethod annotation for: java.io.InputStream to XML
2025-11-20 10:26:07,370 : DEBUG : ForkJoinPool.commonPool-worker-4 :  : JavaToDataCellConverterRegistry :  :  : Registered JavaToDataCellConverterFactory from DataCellFactoryMethod annotation for: org.w3c.dom.Document to XML
2025-11-20 10:26:07,371 : DEBUG : ForkJoinPool.commonPool-worker-4 :  : JavaToDataCellConverterRegistry :  :  : Registered JavaToDataCellConverterFactory from DataCellFactoryMethod annotation for: java.lang.String to XML
2025-11-20 10:26:07,371 : DEBUG : ForkJoinPool.commonPool-worker-4 :  : JavaToDataCellConverterRegistry :  :  : Registered JavaToDataCellConverterFactory from DataCellFactoryMethod annotation for: java.io.InputStream to XML
2025-11-20 10:26:07,371 : DEBUG : ForkJoinPool.commonPool-worker-4 :  : JavaToDataCellConverterRegistry :  :  : Registered JavaToDataCellConverterFactory from DataCellFactoryMethod annotation for: java.io.InputStream to Image (PNG)
2025-11-20 10:26:07,372 : DEBUG : ForkJoinPool.commonPool-worker-4 :  : JavaToDataCellConverterRegistry :  :  : Registered JavaToDataCellConverterFactory from DataCellFactoryMethod annotation for: java.io.InputStream to Binary Object
2025-11-20 10:26:07,372 : DEBUG : ForkJoinPool.commonPool-worker-4 :  : JavaToDataCellConverterRegistry :  :  : Registered JavaToDataCellConverterFactory from DataCellFactoryMethod annotation for: [B to Binary Object
2025-11-20 10:26:07,373 : DEBUG : ForkJoinPool.commonPool-worker-4 :  : JavaToDataCellConverterRegistry :  :  : Registered JavaToDataCellConverterFactory from DataCellFactoryMethod annotation for: java.io.InputStream to Model (PMML)
2025-11-20 10:26:07,373 : DEBUG : ForkJoinPool.commonPool-worker-4 :  : JavaToDataCellConverterRegistry :  :  : Registered JavaToDataCellConverterFactory from DataCellFactoryMethod annotation for: java.lang.String to Model (PMML)
2025-11-20 10:26:07,373 : DEBUG : ForkJoinPool.commonPool-worker-4 :  : JavaToDataCellConverterRegistry :  :  : Registered JavaToDataCellConverterFactory from DataCellFactoryMethod annotation for: java.io.Reader to String
2025-11-20 10:26:07,373 : DEBUG : ForkJoinPool.commonPool-worker-4 :  : JavaToDataCellConverterRegistry :  :  : Registered JavaToDataCellConverterFactory from DataCellFactoryMethod annotation for: java.io.InputStream to String
2025-11-20 10:26:07,373 : DEBUG : ForkJoinPool.commonPool-worker-4 :  : JavaToDataCellConverterRegistry :  :  : Registered JavaToDataCellConverterFactory from DataCellFactoryMethod annotation for: java.lang.String to String
2025-11-20 10:26:07,374 : DEBUG : ForkJoinPool.commonPool-worker-4 :  : JavaToDataCellConverterRegistry :  :  : Registered JavaToDataCellConverterFactory from DataCellFactoryMethod annotation for: java.lang.String to URI
2025-11-20 10:26:07,374 : DEBUG : ForkJoinPool.commonPool-worker-4 :  : JavaToDataCellConverterRegistry :  :  : Registered JavaToDataCellConverterFactory from DataCellFactoryMethod annotation for: java.io.Reader to Image (SVG)
2025-11-20 10:26:07,374 : DEBUG : ForkJoinPool.commonPool-worker-4 :  : JavaToDataCellConverterRegistry :  :  : Registered JavaToDataCellConverterFactory from DataCellFactoryMethod annotation for: java.io.InputStream to Image (SVG)
2025-11-20 10:26:07,374 : DEBUG : ForkJoinPool.commonPool-worker-4 :  : JavaToDataCellConverterRegistry :  :  : Registered JavaToDataCellConverterFactory from DataCellFactoryMethod annotation for: java.lang.String to Image (SVG)
2025-11-20 10:26:07,375 : DEBUG : ForkJoinPool.commonPool-worker-4 :  : JavaToDataCellConverterRegistry :  :  : Registered JavaToDataCellConverterFactory from DataCellFactoryMethod annotation for: org.knime.filehandling.core.connections.FSLocation to Path
2025-11-20 10:26:07,375 : DEBUG : ForkJoinPool.commonPool-worker-4 :  : JavaToDataCellConverterRegistry :  :  : Registered JavaToDataCellConverterFactory from DataCellFactoryMethod annotation for: jakarta.json.JsonValue to JSON
2025-11-20 10:26:07,375 : DEBUG : ForkJoinPool.commonPool-worker-4 :  : JavaToDataCellConverterRegistry :  :  : Registered JavaToDataCellConverterFactory from DataCellFactoryMethod annotation for: java.io.InputStream to JSON
2025-11-20 10:26:07,375 : DEBUG : ForkJoinPool.commonPool-worker-4 :  : JavaToDataCellConverterRegistry :  :  : Registered JavaToDataCellConverterFactory from DataCellFactoryMethod annotation for: java.io.Reader to JSON
2025-11-20 10:26:07,375 : DEBUG : ForkJoinPool.commonPool-worker-4 :  : JavaToDataCellConverterRegistry :  :  : Registered JavaToDataCellConverterFactory from DataCellFactoryMethod annotation for: java.lang.String to JSON
2025-11-20 10:26:07,376 : DEBUG : ForkJoinPool.commonPool-worker-4 :  : JavaToDataCellConverterRegistry :  :  : Registered JavaToDataCellConverterFactory from DataCellFactoryMethod annotation for: java.lang.String to HTML
2025-11-20 10:26:07,376 : DEBUG : ForkJoinPool.commonPool-worker-4 :  : JavaToDataCellConverterRegistry :  :  : Registered JavaToDataCellConverterFactory from DataCellFactoryMethod annotation for: java.time.LocalTime to Time
2025-11-20 10:26:07,376 : DEBUG : ForkJoinPool.commonPool-worker-4 :  : JavaToDataCellConverterRegistry :  :  : Registered JavaToDataCellConverterFactory from DataCellFactoryMethod annotation for: java.lang.String to Time
2025-11-20 10:26:07,377 : DEBUG : ForkJoinPool.commonPool-worker-4 :  : JavaToDataCellConverterRegistry :  :  : Registered JavaToDataCellConverterFactory from DataCellFactoryMethod annotation for: java.time.LocalDate to Date
2025-11-20 10:26:07,377 : DEBUG : ForkJoinPool.commonPool-worker-4 :  : JavaToDataCellConverterRegistry :  :  : Registered JavaToDataCellConverterFactory from DataCellFactoryMethod annotation for: java.lang.String to Date
2025-11-20 10:26:07,377 : DEBUG : ForkJoinPool.commonPool-worker-4 :  : JavaToDataCellConverterRegistry :  :  : Registered JavaToDataCellConverterFactory from DataCellFactoryMethod annotation for: java.time.LocalDateTime to Date&time (Local)
2025-11-20 10:26:07,378 : DEBUG : ForkJoinPool.commonPool-worker-4 :  : JavaToDataCellConverterRegistry :  :  : Registered JavaToDataCellConverterFactory from DataCellFactoryMethod annotation for: java.lang.String to Date&time (Local)
2025-11-20 10:26:07,378 : DEBUG : ForkJoinPool.commonPool-worker-4 :  : JavaToDataCellConverterRegistry :  :  : Registered JavaToDataCellConverterFactory from DataCellFactoryMethod annotation for: java.time.ZonedDateTime to Date&time (Zoned)
2025-11-20 10:26:07,378 : DEBUG : ForkJoinPool.commonPool-worker-4 :  : JavaToDataCellConverterRegistry :  :  : Registered JavaToDataCellConverterFactory from DataCellFactoryMethod annotation for: java.lang.String to Date&time (Zoned)
2025-11-20 10:26:07,379 : DEBUG : ForkJoinPool.commonPool-worker-4 :  : JavaToDataCellConverterRegistry :  :  : Registered JavaToDataCellConverterFactory from DataCellFactoryMethod annotation for: java.time.Duration to Duration (Time-based)
2025-11-20 10:26:07,379 : DEBUG : ForkJoinPool.commonPool-worker-4 :  : JavaToDataCellConverterRegistry :  :  : Registered JavaToDataCellConverterFactory from DataCellFactoryMethod annotation for: java.lang.String to Duration (Time-based)
2025-11-20 10:26:07,380 : DEBUG : ForkJoinPool.commonPool-worker-4 :  : JavaToDataCellConverterRegistry :  :  : Registered JavaToDataCellConverterFactory from DataCellFactoryMethod annotation for: java.time.Period to Duration (Date-based)
2025-11-20 10:26:07,380 : DEBUG : ForkJoinPool.commonPool-worker-4 :  : JavaToDataCellConverterRegistry :  :  : Registered JavaToDataCellConverterFactory from DataCellFactoryMethod annotation for: java.lang.String to Duration (Date-based)
2025-11-20 10:26:07,380 : DEBUG : ForkJoinPool.commonPool-worker-4 :  : JavaToDataCellConverterRegistry :  :  : Found ConverterProvider extension: org.eclipse.core.internal.registry.ExtensionHandle@2279
2025-11-20 10:26:07,381 : DEBUG : ForkJoinPool.commonPool-worker-4 :  : JavaToDataCellConverterRegistry :  :  : Found ConverterProvider extension: org.eclipse.core.internal.registry.ExtensionHandle@2279
2025-11-20 10:26:07,383 : DEBUG : ForkJoinPool.commonPool-worker-4 :  : JavaSnippetActivator :  :  : Cached custom type classpaths [515 ms]
2025-11-20 10:26:07,446 : DEBUG : ForkJoinPool.commonPool-worker-4 :  : SparkProviderRegistry :  :  : Registering Spark provider class: org.knime.bigdata.spark.local.SparkLocalNodeFactoryProvider from extension: org.knime.bigdata.spark.local
2025-11-20 10:26:07,459 : DEBUG : KNIME-Worker-0 :  : NodeFactoryProvider :  :  : Collected NodeSetFactory extensions... found 6 node sets with 156 nodes in 1.9s
2025-11-20 10:26:07,479 : INFO  : KNIME-Worker-0 :  : PythonExtensionParser :  :  : Trying to load cached extension 'org.knime.python.sklearn_5.8.0.v202510071055' from C:\Users\hkn-l\AppData\Local\Programs\KNIME\configuration\org.knime.python.sklearn
2025-11-20 10:26:07,639 : DEBUG : Node Repository Initializer :  : NodeSpecCache :  :  : Computing node specifications for KNIME AP Core feature
2025-11-20 10:26:08,041 : DEBUG : Node Repository Initializer :  : NodeSpecCache :  :  : Computing node specifications for KNIME Distance Matrix Extension
2025-11-20 10:26:08,268 : DEBUG : Node Repository Initializer :  : DistanceMeasureRepository :  :  : added factory: 'org.knime.base.node.mine.treeensemble2.distance.RandomForestDistanceFactory'
2025-11-20 10:26:08,270 : DEBUG : Node Repository Initializer :  : DistanceMeasureRepository :  :  : added factory: 'org.knime.distmatrix.calculate.measure.MatrixDistanceFactory'
2025-11-20 10:26:08,270 : DEBUG : Node Repository Initializer :  : DistanceMeasureRepository :  :  : added factory: 'org.knime.base.distance.measure.OldDistanceWrapperDistanceFactory'
2025-11-20 10:26:08,273 : DEBUG : Node Repository Initializer :  : DistanceMeasureRepository :  :  : added factory: 'org.knime.distance.measure.string.levenshtein.LevenshteinDistanceFactory'
2025-11-20 10:26:08,274 : DEBUG : Node Repository Initializer :  : DistanceMeasureRepository :  :  : added factory: 'org.knime.distance.measure.string.tversky.TverskyDistanceFactory'
2025-11-20 10:26:08,276 : DEBUG : Node Repository Initializer :  : DistanceMeasureRepository :  :  : added factory: 'org.knime.distance.measure.bitvector.cosine.CosineDistanceFactory'
2025-11-20 10:26:08,277 : DEBUG : Node Repository Initializer :  : DistanceMeasureRepository :  :  : added factory: 'org.knime.distance.measure.bitvector.tversky.TverskyDistanceFactory'
2025-11-20 10:26:08,279 : DEBUG : Node Repository Initializer :  : DistanceMeasureRepository :  :  : added factory: 'org.knime.base.distance.bytevector.CosineDistanceMeasureFactory'
2025-11-20 10:26:08,280 : DEBUG : Node Repository Initializer :  : DistanceMeasureRepository :  :  : added factory: 'org.knime.base.distance.bytevector.EuclideanDistanceMeasureFactory'
2025-11-20 10:26:08,281 : DEBUG : Node Repository Initializer :  : DistanceMeasureRepository :  :  : added factory: 'org.knime.base.distance.bytevector.ManhattanDistanceMeasureFactory'
2025-11-20 10:26:08,283 : DEBUG : Node Repository Initializer :  : DistanceMeasureRepository :  :  : added factory: 'org.knime.base.distance.bytevector.PNormDistanceMeasureFactory'
2025-11-20 10:26:08,288 : DEBUG : Node Repository Initializer :  : DistanceMeasureRepository :  :  : added factory: 'org.knime.distance.measure.numerical.lnorm.LNormDistanceFactory'
2025-11-20 10:26:08,289 : DEBUG : Node Repository Initializer :  : DistanceMeasureRepository :  :  : added factory: 'org.knime.distance.measure.numerical.cosine.CosineDistanceFactory'
2025-11-20 10:26:08,290 : DEBUG : Node Repository Initializer :  : DistanceMeasureRepository :  :  : added factory: 'org.knime.distance.measure.jsnippet.JSnippetDistanceFactory'
2025-11-20 10:26:08,291 : DEBUG : Node Repository Initializer :  : DistanceMeasureRepository :  :  : added factory: 'org.knime.distance.measure.jsnippet.aggregated.AggregatedDistanceFactory'
2025-11-20 10:26:08,292 : DEBUG : Node Repository Initializer :  : DistanceMeasureRepository :  :  : added factory: 'org.knime.distance.measure.mahalanobis.MahalanobisDistanceFactory'
2025-11-20 10:26:08,293 : DEBUG : Node Repository Initializer :  : DistanceMeasureRepository :  :  : added factory: 'org.knime.distance.measure.string.jarowinkler.JaroWinklerDistanceFactory'
2025-11-20 10:26:08,409 : DEBUG : Node Repository Initializer :  : DistanceMeasureDescriptionFactory :  :  : Loading description for factory: class org.knime.distance.measure.bitvector.tversky.TverskyDistanceFactory
2025-11-20 10:26:08,456 : DEBUG : Node Repository Initializer :  : DistanceMeasureDescriptionFactory :  :  : Loading description for factory: class org.knime.distance.measure.bitvector.tversky.TverskyDistanceFactory
2025-11-20 10:26:08,462 : DEBUG : Node Repository Initializer :  : DistanceMeasureDescriptionFactory :  :  : Loading description for factory: class org.knime.distance.measure.bitvector.tversky.TverskyDistanceFactory
2025-11-20 10:26:08,463 : DEBUG : Node Repository Initializer :  : DistanceMeasureDescriptionFactory :  :  : Loading description for factory: class org.knime.distance.measure.bitvector.tversky.TverskyDistanceFactory
2025-11-20 10:26:08,466 : DEBUG : Node Repository Initializer :  : DistanceMeasureDescriptionFactory :  :  : Loading description for factory: class org.knime.distance.measure.bitvector.cosine.CosineDistanceFactory
2025-11-20 10:26:08,467 : DEBUG : Node Repository Initializer :  : DistanceMeasureDescriptionFactory :  :  : Loading description for factory: class org.knime.distance.measure.bitvector.cosine.CosineDistanceFactory
2025-11-20 10:26:08,468 : DEBUG : Node Repository Initializer :  : DistanceMeasureDescriptionFactory :  :  : Loading description for factory: class org.knime.distance.measure.bitvector.cosine.CosineDistanceFactory
2025-11-20 10:26:08,469 : DEBUG : Node Repository Initializer :  : DistanceMeasureDescriptionFactory :  :  : Loading description for factory: class org.knime.distance.measure.bitvector.cosine.CosineDistanceFactory
2025-11-20 10:26:08,531 : DEBUG : Node Repository Initializer :  : DistanceMeasureDescriptionFactory :  :  : Loading description for factory: class org.knime.base.distance.bytevector.EuclideanDistanceMeasureFactory
2025-11-20 10:26:08,533 : DEBUG : Node Repository Initializer :  : DistanceMeasureDescriptionFactory :  :  : Loading description for factory: class org.knime.base.distance.bytevector.EuclideanDistanceMeasureFactory
2025-11-20 10:26:08,534 : DEBUG : Node Repository Initializer :  : DistanceMeasureDescriptionFactory :  :  : Loading description for factory: class org.knime.base.distance.bytevector.EuclideanDistanceMeasureFactory
2025-11-20 10:26:08,535 : DEBUG : Node Repository Initializer :  : DistanceMeasureDescriptionFactory :  :  : Loading description for factory: class org.knime.base.distance.bytevector.EuclideanDistanceMeasureFactory
2025-11-20 10:26:08,536 : DEBUG : Node Repository Initializer :  : DistanceMeasureDescriptionFactory :  :  : Loading description for factory: class org.knime.base.distance.bytevector.CosineDistanceMeasureFactory
2025-11-20 10:26:08,537 : DEBUG : Node Repository Initializer :  : DistanceMeasureDescriptionFactory :  :  : Loading description for factory: class org.knime.base.distance.bytevector.CosineDistanceMeasureFactory
2025-11-20 10:26:08,538 : DEBUG : Node Repository Initializer :  : DistanceMeasureDescriptionFactory :  :  : Loading description for factory: class org.knime.base.distance.bytevector.CosineDistanceMeasureFactory
2025-11-20 10:26:08,539 : DEBUG : Node Repository Initializer :  : DistanceMeasureDescriptionFactory :  :  : Loading description for factory: class org.knime.base.distance.bytevector.CosineDistanceMeasureFactory
2025-11-20 10:26:08,543 : DEBUG : Node Repository Initializer :  : DistanceMeasureDescriptionFactory :  :  : Loading description for factory: class org.knime.base.distance.bytevector.PNormDistanceMeasureFactory
2025-11-20 10:26:08,544 : DEBUG : Node Repository Initializer :  : DistanceMeasureDescriptionFactory :  :  : Loading description for factory: class org.knime.base.distance.bytevector.PNormDistanceMeasureFactory
2025-11-20 10:26:08,546 : DEBUG : Node Repository Initializer :  : DistanceMeasureDescriptionFactory :  :  : Loading description for factory: class org.knime.base.distance.bytevector.PNormDistanceMeasureFactory
2025-11-20 10:26:08,547 : DEBUG : Node Repository Initializer :  : DistanceMeasureDescriptionFactory :  :  : Loading description for factory: class org.knime.base.distance.bytevector.PNormDistanceMeasureFactory
2025-11-20 10:26:08,549 : DEBUG : Node Repository Initializer :  : DistanceMeasureDescriptionFactory :  :  : Loading description for factory: class org.knime.base.distance.bytevector.ManhattanDistanceMeasureFactory
2025-11-20 10:26:08,550 : DEBUG : Node Repository Initializer :  : DistanceMeasureDescriptionFactory :  :  : Loading description for factory: class org.knime.base.distance.bytevector.ManhattanDistanceMeasureFactory
2025-11-20 10:26:08,551 : DEBUG : Node Repository Initializer :  : DistanceMeasureDescriptionFactory :  :  : Loading description for factory: class org.knime.base.distance.bytevector.ManhattanDistanceMeasureFactory
2025-11-20 10:26:08,552 : DEBUG : Node Repository Initializer :  : DistanceMeasureDescriptionFactory :  :  : Loading description for factory: class org.knime.base.distance.bytevector.ManhattanDistanceMeasureFactory
2025-11-20 10:26:08,683 : DEBUG : Node Repository Initializer :  : HiLiteHandler :  :  : Adding hilite translator to handler ee65d15c-3d30-4f3f-b422-c02681352ba4
2025-11-20 10:26:08,705 : DEBUG : Node Repository Initializer :  : HiLiteHandler :  :  : Adding hilite translator to handler 7b500847-2e28-47ca-8a71-477ac6730bc0
2025-11-20 10:26:08,720 : DEBUG : Node Repository Initializer :  : DistanceMeasureDescriptionFactory :  :  : Loading description for factory: class org.knime.distance.measure.numerical.lnorm.LNormDistanceFactory
2025-11-20 10:26:08,722 : DEBUG : Node Repository Initializer :  : DistanceMeasureDescriptionFactory :  :  : Loading description for factory: class org.knime.distance.measure.numerical.lnorm.LNormDistanceFactory
2025-11-20 10:26:08,723 : DEBUG : Node Repository Initializer :  : DistanceMeasureDescriptionFactory :  :  : Loading description for factory: class org.knime.distance.measure.numerical.lnorm.LNormDistanceFactory
2025-11-20 10:26:08,725 : DEBUG : Node Repository Initializer :  : DistanceMeasureDescriptionFactory :  :  : Loading description for factory: class org.knime.distance.measure.numerical.lnorm.LNormDistanceFactory
2025-11-20 10:26:08,726 : DEBUG : Node Repository Initializer :  : DistanceMeasureDescriptionFactory :  :  : Loading description for factory: class org.knime.distance.measure.numerical.cosine.CosineDistanceFactory
2025-11-20 10:26:08,728 : DEBUG : Node Repository Initializer :  : DistanceMeasureDescriptionFactory :  :  : Loading description for factory: class org.knime.distance.measure.numerical.cosine.CosineDistanceFactory
2025-11-20 10:26:08,729 : DEBUG : Node Repository Initializer :  : DistanceMeasureDescriptionFactory :  :  : Loading description for factory: class org.knime.distance.measure.numerical.cosine.CosineDistanceFactory
2025-11-20 10:26:08,731 : DEBUG : Node Repository Initializer :  : DistanceMeasureDescriptionFactory :  :  : Loading description for factory: class org.knime.distance.measure.numerical.cosine.CosineDistanceFactory
2025-11-20 10:26:08,816 : DEBUG : Node Repository Initializer :  : HiLiteHandler :  :  : Adding hilite translator to handler bb0898f6-4c0b-44a6-9bc7-4d53960f9cfc
2025-11-20 10:26:08,844 : DEBUG : Node Repository Initializer :  : DistanceMeasureDescriptionFactory :  :  : Loading description for factory: class org.knime.distance.measure.string.jarowinkler.JaroWinklerDistanceFactory
2025-11-20 10:26:08,845 : DEBUG : Node Repository Initializer :  : DistanceMeasureDescriptionFactory :  :  : Loading description for factory: class org.knime.distance.measure.string.jarowinkler.JaroWinklerDistanceFactory
2025-11-20 10:26:08,847 : DEBUG : Node Repository Initializer :  : DistanceMeasureDescriptionFactory :  :  : Loading description for factory: class org.knime.distance.measure.string.jarowinkler.JaroWinklerDistanceFactory
2025-11-20 10:26:08,849 : DEBUG : Node Repository Initializer :  : DistanceMeasureDescriptionFactory :  :  : Loading description for factory: class org.knime.distance.measure.string.jarowinkler.JaroWinklerDistanceFactory
2025-11-20 10:26:08,851 : DEBUG : Node Repository Initializer :  : DistanceMeasureDescriptionFactory :  :  : Loading description for factory: class org.knime.distance.measure.string.tversky.TverskyDistanceFactory
2025-11-20 10:26:08,852 : DEBUG : Node Repository Initializer :  : DistanceMeasureDescriptionFactory :  :  : Loading description for factory: class org.knime.distance.measure.string.tversky.TverskyDistanceFactory
2025-11-20 10:26:08,853 : DEBUG : Node Repository Initializer :  : DistanceMeasureDescriptionFactory :  :  : Loading description for factory: class org.knime.distance.measure.string.tversky.TverskyDistanceFactory
2025-11-20 10:26:08,854 : DEBUG : Node Repository Initializer :  : DistanceMeasureDescriptionFactory :  :  : Loading description for factory: class org.knime.distance.measure.string.tversky.TverskyDistanceFactory
2025-11-20 10:26:08,856 : DEBUG : Node Repository Initializer :  : DistanceMeasureDescriptionFactory :  :  : Loading description for factory: class org.knime.distance.measure.string.levenshtein.LevenshteinDistanceFactory
2025-11-20 10:26:08,857 : DEBUG : Node Repository Initializer :  : DistanceMeasureDescriptionFactory :  :  : Loading description for factory: class org.knime.distance.measure.string.levenshtein.LevenshteinDistanceFactory
2025-11-20 10:26:08,858 : DEBUG : Node Repository Initializer :  : DistanceMeasureDescriptionFactory :  :  : Loading description for factory: class org.knime.distance.measure.string.levenshtein.LevenshteinDistanceFactory
2025-11-20 10:26:08,859 : DEBUG : Node Repository Initializer :  : DistanceMeasureDescriptionFactory :  :  : Loading description for factory: class org.knime.distance.measure.string.levenshtein.LevenshteinDistanceFactory
2025-11-20 10:26:08,932 : DEBUG : Node Repository Initializer :  : NodeSpecCache :  :  : Computing node specifications for KNIME Amazon Cloud Connectors
2025-11-20 10:26:09,187 : DEBUG : Node Repository Initializer :  : ExtensionPoints :  :  : Loading executable extensions of extension point: org.knime.database.RowFilter
2025-11-20 10:26:09,194 : DEBUG : Node Repository Initializer :  : ExtensionPoints :  :  : Executable extension initializer has been created
2025-11-20 10:26:09,194 : DEBUG : Node Repository Initializer :  : ExtensionPoints :  :  : Executable is instance of MSAccessRowFilterInitializer
2025-11-20 10:26:09,206 : DEBUG : Node Repository Initializer :  : ExtensionPoints :  :  : Loading extensions of extension point: org.knime.database.DBType
2025-11-20 10:26:09,210 : DEBUG : Node Repository Initializer :  : DBTypeRegistry :  :  : Register database type: DBType(id=h2, name=H2, description=null)
2025-11-20 10:26:09,211 : DEBUG : Node Repository Initializer :  : DBTypeRegistry :  :  : Register database type: DBType(id=msaccess, name=Microsoft Access, description=null)
2025-11-20 10:26:09,212 : DEBUG : Node Repository Initializer :  : DBTypeRegistry :  :  : Register database type: DBType(id=mssqlserver, name=Microsoft SQL Server, description=null)
2025-11-20 10:26:09,212 : DEBUG : Node Repository Initializer :  : DBTypeRegistry :  :  : Register database type: DBType(id=mysql, name=MySQL, description=null)
2025-11-20 10:26:09,213 : DEBUG : Node Repository Initializer :  : DBTypeRegistry :  :  : Register database type: DBType(id=postgres, name=PostgreSQL, description=null)
2025-11-20 10:26:09,213 : DEBUG : Node Repository Initializer :  : DBTypeRegistry :  :  : Register database type: DBType(id=sqlite, name=SQLite, description=null)
2025-11-20 10:26:09,213 : DEBUG : Node Repository Initializer :  : DBTypeRegistry :  :  : Register database type: DBType(id=db2, name=IBM Db2, description=null)
2025-11-20 10:26:09,214 : DEBUG : Node Repository Initializer :  : DBTypeRegistry :  :  : Register database type: DBType(id=oracle, name=Oracle, description=null)
2025-11-20 10:26:09,214 : DEBUG : Node Repository Initializer :  : DBTypeRegistry :  :  : Register database type: DBType(id=saphana, name=SAP HANA, description=null)
2025-11-20 10:26:09,215 : DEBUG : Node Repository Initializer :  : DBTypeRegistry :  :  : Register database type: DBType(id=teradata, name=Teradata, description=null)
2025-11-20 10:26:09,215 : DEBUG : Node Repository Initializer :  : DBTypeRegistry :  :  : Register database type: DBType(id=vertica, name=Vertica, description=Vertica Analytics Platform)
2025-11-20 10:26:09,217 : DEBUG : Node Repository Initializer :  : DBTypeRegistry :  :  : Register database type: DBType(id=hive, name=Hive, description=Hive)
2025-11-20 10:26:09,217 : DEBUG : Node Repository Initializer :  : DBTypeRegistry :  :  : Register database type: DBType(id=impala, name=Impala, description=Impala)
2025-11-20 10:26:09,225 : DEBUG : Node Repository Initializer :  : DBTypeRegistry :  :  : Register database type: DBType(id=databricks, name=Databricks, description=null)
2025-11-20 10:26:09,229 : DEBUG : Node Repository Initializer :  : ExtensionPoints :  :  : Executable extension initializer has been created
2025-11-20 10:26:09,229 : DEBUG : Node Repository Initializer :  : ExtensionPoints :  :  : Executable is instance of SQLiteRowFilterInitializer
2025-11-20 10:26:09,232 : DEBUG : Node Repository Initializer :  : ExtensionPoints :  :  : Executable extension initializer has been created
2025-11-20 10:26:09,233 : DEBUG : Node Repository Initializer :  : ExtensionPoints :  :  : Executable is instance of OracleRowFilterInitializer
2025-11-20 10:26:09,251 : DEBUG : Node Repository Initializer :  : MicrosoftAuthenticationPlugin :  :  : Failed to initialize the JAX-RS 1.x RuntimeDelegate. Provided error message: java.lang.ClassNotFoundException: com.sun.ws.rs.ext.RuntimeDelegateImpl cannot be found by javax.ws.rs.jsr311-api_1.1.1
2025-11-20 10:26:09,471 : DEBUG : Thread-6 :  : CondaPreferences :  :  : Initializing default Conda installation directory with ''.
2025-11-20 10:26:09,483 : DEBUG : Thread-7 :  : PythonKernelTester :  :  : An error occurred while testing the Python 2 installation.
2025-11-20 10:26:09,483 : DEBUG : Thread-7 :  : PythonKernelTester :  :  : Could not start Python executable at the given location (no_conda_environment_selected\python.exe): Cannot run program "no_conda_environment_selected\python.exe": CreateProcess error=2, 指定されたファイルが見つかりません。
2025-11-20 10:26:09,485 : DEBUG : Thread-7 :  : PythonKernelTester :  :  : An error occurred while testing the Python 3 installation.
2025-11-20 10:26:09,485 : DEBUG : Thread-7 :  : PythonKernelTester :  :  : Could not start Python executable at the given location (no_conda_environment_selected\python.exe): Cannot run program "no_conda_environment_selected\python.exe": CreateProcess error=2, 指定されたファイルが見つかりません。
2025-11-20 10:26:09,617 : INFO  : main :  : StringHistory :  :  : History file 'C:\KNIME_data\Hands-on\.metadata\knime\history_database_drivers.txt' does not exist.
2025-11-20 10:26:09,617 : INFO  : main :  : StringHistory :  :  : History file 'C:\KNIME_data\Hands-on\.metadata\knime\history_database_urls.txt' does not exist.
2025-11-20 10:26:09,617 : DEBUG : main :  : DatabaseConnectionSettings :  :  : Settings database timeout to 15 seconds
2025-11-20 10:26:09,617 : DEBUG : main :  : DatabaseConnectionSettings :  :  : Database concurrency (sync via database connection) is true.
2025-11-20 10:26:09,618 : DEBUG : main :  : KNIMECorePlugin :  :  : Setting KNIME max thread count to 32
2025-11-20 10:26:09,618 : DEBUG : main :  : KNIMECorePlugin :  :  : Setting KNIME temp dir to "C:\Users\hkn-l\AppData\Local\Temp"
2025-11-20 10:26:26,334 : WARN  : comm-pool-thread-1 :  : JsonRpcErrorResolver :  :  : An unexpected json rpc error occurred
java.lang.IllegalStateException: K-AI is not connected to a hub. Select a hub on the AI Assistant preference page.
	at org.knime.ai.assistant.java.UiStringsUtils.getUiStrings(UiStringsUtils.java:84)
	at org.knime.ai.assistant.java.ChatBackend.getUiStrings(ChatBackend.java:206)
	at java.base/java.util.Optional.map(Unknown Source)
	at org.knime.gateway.impl.webui.service.DefaultKaiService.getUiStrings(DefaultKaiService.java:158)
	at org.knime.gateway.impl.webui.jsonrpc.service.JsonRpcKaiServiceWrapper.getUiStrings(JsonRpcKaiServiceWrapper.java:104)
	at java.base/jdk.internal.reflect.NativeMethodAccessorImpl.invoke0(Native Method)
	at java.base/jdk.internal.reflect.NativeMethodAccessorImpl.invoke(Unknown Source)
	at java.base/jdk.internal.reflect.DelegatingMethodAccessorImpl.invoke(Unknown Source)
	at java.base/java.lang.reflect.Method.invoke(Unknown Source)
	at com.googlecode.jsonrpc4j.JsonRpcBasicServer.invoke(JsonRpcBasicServer.java:478)
	at com.googlecode.jsonrpc4j.JsonRpcBasicServer.handleObject(JsonRpcBasicServer.java:349)
	at com.googlecode.jsonrpc4j.JsonRpcBasicServer.handleJsonNodeRequest(JsonRpcBasicServer.java:274)
	at com.googlecode.jsonrpc4j.JsonRpcBasicServer.handleRequest(JsonRpcBasicServer.java:242)
	at org.knime.gateway.impl.jsonrpc.JsonRpcRequestHandler.handle(JsonRpcRequestHandler.java:106)
	at org.knime.ui.java.browser.lifecycle.Init.lambda$16(Init.java:336)
	at com.equo.comm.common.MessageHandler.processReceivedEventMessage(MessageHandler.java:131)
	at com.equo.comm.ee.provider.service.ChromiumService.receiveMessage(ChromiumService.java:98)
	at com.equo.comm.ee.provider.CommunicationManagerChromiumImpl.receiveMessage(CommunicationManagerChromiumImpl.java:48)
	at com.equo.chromium.swt.internal.spi.CommRouterHandler.handleRequest(CommRouterHandler.java:33)
	at com.equo.chromium.swt.internal.spi.CommRouterHandler.lambda$1(CommRouterHandler.java:51)
	at java.base/java.util.concurrent.ThreadPoolExecutor.runWorker(Unknown Source)
	at java.base/java.util.concurrent.ThreadPoolExecutor$Worker.run(Unknown Source)
	at java.base/java.lang.Thread.run(Unknown Source)
2025-11-20 10:26:26,341 : ERROR : Thread-876 :  : KnimeBrowserView :  :  : %cerror%c RPC Client:: Error RPC request 
      background: #c0392b;
      border-radius: 0.5em;
      color: white;
      font-weight: bold;
      padding: 2px 0.5em;
      Error: K-AI is not connected to a hub. Select a hub on the AI Assistant preference page. (source: https://org.knime.ui.java/assets/index-C3PDl4eL.js; line: 105)
2025-11-20 10:26:40,582 : WARN  : ModalContext :  : Node : Model Writer : 3:80 : Please specify a file
2025-11-20 10:26:40,588 : WARN  : ModalContext :  : Node : Model Writer : 3:80 : Please specify a file
2025-11-20 10:26:40,619 : WARN  : ModalContext :  : Node : Model Writer : 3:81 : Please specify a file
2025-11-20 10:26:40,619 : WARN  : ModalContext :  : Node : Model Writer : 3:81 : Please specify a file
2025-11-20 10:26:48,515 : WARN  : ModalContext :  : Node : Model Writer : 3:111 : Please specify a file
2025-11-20 10:26:48,516 : WARN  : ModalContext :  : Node : Model Writer : 3:111 : Please specify a file
2025-11-20 10:26:48,734 : WARN  : ModalContext :  : Node : Model Writer : 3:101 : Please specify a file
2025-11-20 10:26:48,735 : WARN  : ModalContext :  : Node : Model Writer : 3:101 : Please specify a file
2025-11-20 10:26:48,738 : WARN  : ModalContext :  : Node : Numeric Scorer : 3:98 : Can't calculate Mean Absolute Percentage error: target value is 0! Row46
2025-11-20 10:26:48,784 : WARN  : ModalContext :  : Node : Numeric Scorer : 3:167 : Can't calculate Mean Absolute Percentage error: target value is 0! Row46
2025-11-20 10:26:49,052 : WARN  : ModalContext :  : Node : Spark to Table : 3:280 : Fetching only first 1000 rows
2025-11-20 10:26:49,053 : WARN  : ModalContext :  : Node : Spark to Table : 3:280 : Fetching only first 1000 rows
2025-11-20 10:26:57,743 : WARN  : ModalContext :  : Node : Numeric Scorer : 4:331 : Can't calculate Mean Absolute Percentage error: target value is 0! Row46
